<?xml version="1.0" encoding="UTF-8"?>
<!-- Generated by org.testng.reporters.JUnitReportReporter -->
<testsuite hostname="IT-C02SK60GG8WN.local" name="tests.AuthenticationApiTest" tests="1" failures="0" timestamp="11 Apr 2020 18:22:56 GMT" time="2.323" errors="0">
  <testcase name="passAuthenticationCredentials" time="2.323" classname="tests.AuthenticationApiTest"/>
</testsuite> <!-- tests.AuthenticationApiTest -->
