<?xml version="1.0" encoding="UTF-8"?>
<!-- Generated by org.testng.reporters.JUnitReportReporter -->
<testsuite hostname="IT-C02SK60GG8WN.local" name="tests.SchemaValidationTest" tests="1" failures="0" timestamp="2 Jun 2020 15:15:08 GMT" time="3.027" errors="0">
  <testcase name="myGetTest2" time="3.027" classname="tests.SchemaValidationTest"/>
</testsuite> <!-- tests.SchemaValidationTest -->
