<?xml version="1.0" encoding="UTF-8"?>
<!-- Generated by org.testng.reporters.JUnitReportReporter -->
<testsuite hostname="shubhanshus-MacBook-Pro.local" name="tests.GetRequestToken" tests="1" failures="0" timestamp="17 Nov 2021 11:33:13 GMT" time="2.187" errors="0">
  <testcase name="getRequestToken" time="2.187" classname="tests.GetRequestToken"/>
</testsuite> <!-- tests.GetRequestToken -->
