<?xml version="1.0" encoding="UTF-8"?>
<!-- Generated by org.testng.reporters.JUnitReportReporter -->
<testsuite hostname="IT-C02SK60GG8WN.local" name="tests.ValidateResponseHeadersTest" tests="1" failures="0" timestamp="9 Apr 2020 10:48:17 GMT" time="2.319" errors="0">
  <testcase name="myPostTest" time="2.319" classname="tests.ValidateResponseHeadersTest"/>
</testsuite> <!-- tests.ValidateResponseHeadersTest -->
