<?xml version="1.0" encoding="UTF-8"?>
<!-- Generated by org.testng.reporters.JUnitReportReporter -->
<testsuite hostname="IT-C02SK60GG8WN.local" name="tests.ComplexRequestBodyTest" tests="1" failures="0" timestamp="21 Apr 2020 08:41:50 GMT" time="2.631" errors="0">
  <testcase name="myGetTest2" time="2.631" classname="tests.ComplexRequestBodyTest"/>
</testsuite> <!-- tests.ComplexRequestBodyTest -->
