<?xml version="1.0" encoding="UTF-8"?>
<!-- Generated by org.testng.reporters.JUnitReportReporter -->
<testsuite hostname="IT-C02SK60GG8WN.local" name="tests.ComplexRequestBodiesTest" tests="2" failures="0" timestamp="21 Apr 2020 15:10:32 GMT" time="4.231" errors="0">
  <testcase name="bodyContainingArrayAndObjects" time="0.858" classname="tests.ComplexRequestBodiesTest"/>
  <testcase name="bodyContainingMultipleObjects" time="3.373" classname="tests.ComplexRequestBodiesTest"/>
</testsuite> <!-- tests.ComplexRequestBodiesTest -->
