<?xml version="1.0" encoding="UTF-8"?>
<!-- Generated by org.testng.reporters.JUnitReportReporter -->
<testsuite hostname="shubhanshus-MacBook-Pro.local" name="tests.FormDataInRequestBodyTest" tests="1" failures="0" timestamp="14 Feb 2022 11:34:27 GMT" time="3.925" errors="0">
  <testcase name="sendFormDataInRequestBody" time="3.925" classname="tests.FormDataInRequestBodyTest"/>
</testsuite> <!-- tests.FormDataInRequestBodyTest -->
