<?xml version="1.0" encoding="UTF-8"?>
<!-- Generated by org.testng.reporters.JUnitReportReporter -->
<testsuite hostname="IT-C02SK60GG8WN.local" name="tests.SecondTest" tests="1" failures="0" timestamp="9 Apr 2020 09:53:46 GMT" time="3.271" errors="0">
  <testcase name="myGetTest2" time="3.271" classname="tests.SecondTest"/>
</testsuite> <!-- tests.SecondTest -->
