<?xml version="1.0" encoding="UTF-8"?>
<!-- Generated by org.testng.reporters.JUnitReportReporter -->
<testsuite hostname="shubhanshus-MacBook-Pro.local" name="tests.PostcreateSessionwithLogin" tests="2" failures="0" timestamp="17 Nov 2021 12:18:37 GMT" time="4.541" errors="0">
  <testcase name="sendPositiveresponse" time="1.161" classname="tests.PostcreateSessionwithLogin"/>
  <testcase name="getRequestToken" time="3.380" classname="tests.PostcreateSessionwithLogin"/>
</testsuite> <!-- tests.PostcreateSessionwithLogin -->
