<?xml version="1.0" encoding="UTF-8"?>
<!-- Generated by org.testng.reporters.JUnitReportReporter -->
<testsuite hostname="IT-C02SK60GG8WN.local" name="tests.DataDrivenTest" tests="2" failures="0" timestamp="11 Apr 2020 18:50:30 GMT" time="3.397" errors="0">
  <testcase name="performTestWithMultipleData" time="2.563" classname="tests.DataDrivenTest"/>
  <testcase name="performTestWithMultipleData" time="0.834" classname="tests.DataDrivenTest"/>
</testsuite> <!-- tests.DataDrivenTest -->
