<?xml version="1.0" encoding="UTF-8"?>
<!-- Generated by org.testng.reporters.JUnitReportReporter -->
<testsuite hostname="IT-C02SK60GG8WN.local" name="PassRequestBodyUsingFileTest" tests="1" failures="0" timestamp="19 Apr 2020 07:17:48 GMT" time="2.286" errors="0">
  <testcase name="myGetTest2" time="2.286" classname="PassRequestBodyUsingFileTest"/>
</testsuite> <!-- PassRequestBodyUsingFileTest -->
